<?xml version="1.0" encoding="UTF-8"?>
<!-- Generated by org.testng.reporters.JUnitXMLReporter -->
<testsuite hostname="DESKTOP-QQCDQB5" ignored="0" name="用户管理系统测试用例" tests="7" failures="3" timestamp="20 九月 2020 05:03:26 GMT" time="11.654" errors="0">
  <testcase name="loginTrue" time="2.121" classname="com.course.cases.LoginTest"/>
  <testcase name="loginFalse" time="0.088" classname="com.course.cases.LoginTest"/>
  <testcase name="addUser" time="0.071" classname="com.course.cases.AddUserTest">
    <failure type="java.lang.NullPointerException">
      <![CDATA[java.lang.NullPointerException
	at com.course.cases.AddUserTest.addUser(AddUserTest.java:22)
	at com.sun.proxy.$Proxy0.invoke(Unknown Source)
... Removed 33 stack frames]]>
    </failure>
  </testcase> <!-- addUser -->
  <testcase name="getUserInfo" time="2.069" classname="com.course.cases.GetUserInfoTest"/>
  <testcase name="updateUserInfo" time="2.061" classname="com.course.cases.UpdateUserInfoTest">
    <failure type="org.apache.ibatis.exceptions.PersistenceException" message="
### Error querying database.  Cause: java.lang.IllegalArgumentException: Mapped Statements collection does not contain value for null
### Cause: java.lang.IllegalArgumentException: Mapped Statements collection does not contain value for null">
      <![CDATA[org.apache.ibatis.exceptions.PersistenceException: 
### Error querying database.  Cause: java.lang.IllegalArgumentException: Mapped Statements collection does not contain value for null
### Cause: java.lang.IllegalArgumentException: Mapped Statements collection does not contain value for null
	at org.apache.ibatis.exceptions.ExceptionFactory.wrapException(ExceptionFactory.java:30)
	at org.apache.ibatis.session.defaults.DefaultSqlSession.selectList(DefaultSqlSession.java:150)
	at org.apache.ibatis.session.defaults.DefaultSqlSession.selectList(DefaultSqlSession.java:141)
	at org.apache.ibatis.session.defaults.DefaultSqlSession.selectOne(DefaultSqlSession.java:77)
	at com.course.cases.UpdateUserInfoTest.updateUserInfo(UpdateUserInfoTest.java:35)
	at com.sun.proxy.$Proxy0.invoke(Unknown Source)
Caused by: java.lang.IllegalArgumentException: Mapped Statements collection does not contain value for null
	at org.apache.ibatis.session.Configuration$StrictMap.get(Configuration.java:875)
	at org.apache.ibatis.session.Configuration.getMappedStatement(Configuration.java:708)
	at org.apache.ibatis.session.Configuration.getMappedStatement(Configuration.java:701)
	at org.apache.ibatis.session.defaults.DefaultSqlSession.selectList(DefaultSqlSession.java:147)
	... 37 more
... Removed 33 stack frames]]>
    </failure>
  </testcase> <!-- updateUserInfo -->
  <testcase name="deleteUser" time="3.05" classname="com.course.cases.UpdateUserInfoTest">
    <failure type="org.apache.ibatis.exceptions.PersistenceException" message="
### Error querying database.  Cause: java.lang.IllegalArgumentException: Mapped Statements collection does not contain value for null
### Cause: java.lang.IllegalArgumentException: Mapped Statements collection does not contain value for null">
      <![CDATA[org.apache.ibatis.exceptions.PersistenceException: 
### Error querying database.  Cause: java.lang.IllegalArgumentException: Mapped Statements collection does not contain value for null
### Cause: java.lang.IllegalArgumentException: Mapped Statements collection does not contain value for null
	at org.apache.ibatis.exceptions.ExceptionFactory.wrapException(ExceptionFactory.java:30)
	at org.apache.ibatis.session.defaults.DefaultSqlSession.selectList(DefaultSqlSession.java:150)
	at org.apache.ibatis.session.defaults.DefaultSqlSession.selectList(DefaultSqlSession.java:141)
	at org.apache.ibatis.session.defaults.DefaultSqlSession.selectOne(DefaultSqlSession.java:77)
	at com.course.cases.UpdateUserInfoTest.deleteUser(UpdateUserInfoTest.java:60)
	at com.sun.proxy.$Proxy0.invoke(Unknown Source)
Caused by: java.lang.IllegalArgumentException: Mapped Statements collection does not contain value for null
	at org.apache.ibatis.session.Configuration$StrictMap.get(Configuration.java:875)
	at org.apache.ibatis.session.Configuration.getMappedStatement(Configuration.java:708)
	at org.apache.ibatis.session.Configuration.getMappedStatement(Configuration.java:701)
	at org.apache.ibatis.session.defaults.DefaultSqlSession.selectList(DefaultSqlSession.java:147)
	... 37 more
... Removed 33 stack frames]]>
    </failure>
  </testcase> <!-- deleteUser -->
  <testcase name="getUserListInfo" time="2.077" classname="com.course.cases.GetUserInfoListTest"/>
</testsuite> <!-- 用户管理系统测试用例 -->
