-------------------------------------------------------------------------------
Test set: TestSuite
-------------------------------------------------------------------------------
Tests run: 7, Failures: 3, Errors: 0, Skipped: 0, Time elapsed: 13.943 sec <<< FAILURE!
addUser(com.course.cases.AddUserTest)  Time elapsed: 0.073 sec  <<< FAILURE!
java.lang.NullPointerException
	at com.course.cases.AddUserTest.addUser(AddUserTest.java:22)

updateUserInfo(com.course.cases.UpdateUserInfoTest)  Time elapsed: 2.062 sec  <<< FAILURE!
org.apache.ibatis.exceptions.PersistenceException: 
### Error querying database.  Cause: java.lang.IllegalArgumentException: Mapped Statements collection does not contain value for null
### Cause: java.lang.IllegalArgumentException: Mapped Statements collection does not contain value for null
	at org.apache.ibatis.exceptions.ExceptionFactory.wrapException(ExceptionFactory.java:30)
	at org.apache.ibatis.session.defaults.DefaultSqlSession.selectList(DefaultSqlSession.java:150)
	at org.apache.ibatis.session.defaults.DefaultSqlSession.selectList(DefaultSqlSession.java:141)
	at org.apache.ibatis.session.defaults.DefaultSqlSession.selectOne(DefaultSqlSession.java:77)
	at com.course.cases.UpdateUserInfoTest.updateUserInfo(UpdateUserInfoTest.java:35)
Caused by: java.lang.IllegalArgumentException: Mapped Statements collection does not contain value for null
	at org.apache.ibatis.session.Configuration$StrictMap.get(Configuration.java:875)
	at org.apache.ibatis.session.Configuration.getMappedStatement(Configuration.java:708)
	at org.apache.ibatis.session.Configuration.getMappedStatement(Configuration.java:701)
	at org.apache.ibatis.session.defaults.DefaultSqlSession.selectList(DefaultSqlSession.java:147)
	... 37 more

deleteUser(com.course.cases.UpdateUserInfoTest)  Time elapsed: 3.05 sec  <<< FAILURE!
org.apache.ibatis.exceptions.PersistenceException: 
### Error querying database.  Cause: java.lang.IllegalArgumentException: Mapped Statements collection does not contain value for null
### Cause: java.lang.IllegalArgumentException: Mapped Statements collection does not contain value for null
	at org.apache.ibatis.exceptions.ExceptionFactory.wrapException(ExceptionFactory.java:30)
	at org.apache.ibatis.session.defaults.DefaultSqlSession.selectList(DefaultSqlSession.java:150)
	at org.apache.ibatis.session.defaults.DefaultSqlSession.selectList(DefaultSqlSession.java:141)
	at org.apache.ibatis.session.defaults.DefaultSqlSession.selectOne(DefaultSqlSession.java:77)
	at com.course.cases.UpdateUserInfoTest.deleteUser(UpdateUserInfoTest.java:60)
Caused by: java.lang.IllegalArgumentException: Mapped Statements collection does not contain value for null
	at org.apache.ibatis.session.Configuration$StrictMap.get(Configuration.java:875)
	at org.apache.ibatis.session.Configuration.getMappedStatement(Configuration.java:708)
	at org.apache.ibatis.session.Configuration.getMappedStatement(Configuration.java:701)
	at org.apache.ibatis.session.defaults.DefaultSqlSession.selectList(DefaultSqlSession.java:147)
	... 37 more

