<?xml version="1.0" encoding="UTF-8" ?>
<testsuite tests="7" failures="3" name="TestSuite" time="13.943" errors="0" skipped="0">
  <properties>
[...]
</properties>
  <testcase classname="com.course.cases.LoginTest" name="loginTrue" time="2.121"/>
  <testcase classname="com.course.cases.LoginTest" name="loginFalse" time="0.088"/>
  <testcase classname="com.course.cases.AddUserTest" name="addUser" time="0.074">
    <failure type="java.lang.NullPointerException">java.lang.NullPointerException
	at com.course.cases.AddUserTest.addUser(AddUserTest.java:22)
</failure>
  </testcase>
  <testcase classname="com.course.cases.GetUserInfoTest" name="getUserInfo" time="2.069"/>
  <testcase classname="com.course.cases.UpdateUserInfoTest" name="updateUserInfo" time="2.062">
    <failure message="
### Error querying database.  Cause: java.lang.IllegalArgumentException: Mapped Statements collection does not contain value for null
### Cause: java.lang.IllegalArgumentException: Mapped Statements collection does not contain value for null" type="org.apache.ibatis.exceptions.PersistenceException">org.apache.ibatis.exceptions.PersistenceException: 
### Error querying database.  Cause: java.lang.IllegalArgumentException: Mapped Statements collection does not contain value for null
### Cause: java.lang.IllegalArgumentException: Mapped Statements collection does not contain value for null
	at org.apache.ibatis.exceptions.ExceptionFactory.wrapException(ExceptionFactory.java:30)
	at org.apache.ibatis.session.defaults.DefaultSqlSession.selectList(DefaultSqlSession.java:150)
	at org.apache.ibatis.session.defaults.DefaultSqlSession.selectList(DefaultSqlSession.java:141)
	at org.apache.ibatis.session.defaults.DefaultSqlSession.selectOne(DefaultSqlSession.java:77)
	at com.course.cases.UpdateUserInfoTest.updateUserInfo(UpdateUserInfoTest.java:35)
Caused by: java.lang.IllegalArgumentException: Mapped Statements collection does not contain value for null
	at org.apache.ibatis.session.Configuration$StrictMap.get(Configuration.java:875)
	at org.apache.ibatis.session.Configuration.getMappedStatement(Configuration.java:708)
	at org.apache.ibatis.session.Configuration.getMappedStatement(Configuration.java:701)
	at org.apache.ibatis.session.defaults.DefaultSqlSession.selectList(DefaultSqlSession.java:147)
	... 37 more
</failure>
    <system-out>UpdateUserInfoCase(id=1, userId=2, userName=hahahaha, sex=null, age=null, permission=null, isDelete=1, expected=null)
http://localhost:8889/v1/updateUserInfo
</system-out>
  </testcase>
  <testcase classname="com.course.cases.UpdateUserInfoTest" name="deleteUser" time="3.051">
    <failure message="
### Error querying database.  Cause: java.lang.IllegalArgumentException: Mapped Statements collection does not contain value for null
### Cause: java.lang.IllegalArgumentException: Mapped Statements collection does not contain value for null" type="org.apache.ibatis.exceptions.PersistenceException">org.apache.ibatis.exceptions.PersistenceException: 
### Error querying database.  Cause: java.lang.IllegalArgumentException: Mapped Statements collection does not contain value for null
### Cause: java.lang.IllegalArgumentException: Mapped Statements collection does not contain value for null
	at org.apache.ibatis.exceptions.ExceptionFactory.wrapException(ExceptionFactory.java:30)
	at org.apache.ibatis.session.defaults.DefaultSqlSession.selectList(DefaultSqlSession.java:150)
	at org.apache.ibatis.session.defaults.DefaultSqlSession.selectList(DefaultSqlSession.java:141)
	at org.apache.ibatis.session.defaults.DefaultSqlSession.selectOne(DefaultSqlSession.java:77)
	at com.course.cases.UpdateUserInfoTest.deleteUser(UpdateUserInfoTest.java:60)
Caused by: java.lang.IllegalArgumentException: Mapped Statements collection does not contain value for null
	at org.apache.ibatis.session.Configuration$StrictMap.get(Configuration.java:875)
	at org.apache.ibatis.session.Configuration.getMappedStatement(Configuration.java:708)
	at org.apache.ibatis.session.Configuration.getMappedStatement(Configuration.java:701)
	at org.apache.ibatis.session.defaults.DefaultSqlSession.selectList(DefaultSqlSession.java:147)
	... 37 more
</failure>
    <system-out>UpdateUserInfoCase(id=2, userId=7, userName=null, sex=null, age=null, permission=null, isDelete=1, expected=null)
http://localhost:8889/v1/updateUserInfo
</system-out>
  </testcase>
  <testcase classname="com.course.cases.GetUserInfoListTest" name="getUserListInfo" time="2.077"/>
</testsuite>